<?xml version="1.0" encoding="UTF-8"?>
<!-- Generated by org.testng.reporters.JUnitXMLReporter -->
<testsuite ignored="0" hostname="DESKTOP-HA4J20Q" failures="1" tests="2" name="FirefoxTests" time="8.691" errors="0" timestamp="2025-09-23T21:13:53 EDT">
  <testcase classname="tests.RedditTitleTest" name="testPageTitle" time="0.004"/>
  <testcase classname="tests.RedditLoginTest" name="testLogin" time="0.014">
    <failure type="java.lang.RuntimeException" message="Could not find shadow element: shreddit-app &amp;gt; auth-flow-manager &amp;gt; faceplate-partial &amp;gt; auth-flow-login &amp;gt; faceplate-tabpanel &amp;gt; faceplate-form#login &amp;gt; auth-flow-modal &amp;gt; faceplate-text-input#login-username &amp;gt; input">
      <![CDATA[java.lang.RuntimeException: Could not find shadow element: shreddit-app > auth-flow-manager > faceplate-partial > auth-flow-login > faceplate-tabpanel > faceplate-form#login > auth-flow-modal > faceplate-text-input#login-username > input
at pages.RedditLoginPage.getShadowElement(RedditLoginPage.java:49)
at pages.RedditLoginPage.getUsernameField(RedditLoginPage.java:56)
at pages.RedditLoginPage.enterUsername(RedditLoginPage.java:75)
at pages.RedditLoginPage.login(RedditLoginPage.java:92)
at tests.RedditLoginTest.testLogin(RedditLoginTest.java:36)
at java.base/java.util.ArrayList.forEach(ArrayList.java:1596)
at java.base/java.util.concurrent.FutureTask.run(FutureTask.java:317)
at java.base/java.util.concurrent.ThreadPoolExecutor.runWorker(ThreadPoolExecutor.java:1144)
at java.base/java.util.concurrent.ThreadPoolExecutor$Worker.run(ThreadPoolExecutor.java:642)
at java.base/java.lang.Thread.run(Thread.java:1583)
... Removed 15 stack frames]]>
    </failure>
  </testcase> <!-- testLogin -->
</testsuite> <!-- FirefoxTests -->
