<?xml version="1.0" encoding="UTF-8"?>
<!-- Generated by org.testng.reporters.JUnitXMLReporter -->
<testsuite ignored="0" hostname="DESKTOP-HA4J20Q" failures="1" tests="2" name="FirefoxTests" time="34.925" errors="0" timestamp="2025-09-24T09:17:41 EDT">
  <testcase classname="tests.RedditTitleTest" name="testPageTitle" time="0.007"/>
  <testcase classname="tests.RedditLoginTest" name="testLogin" time="20.034">
    <failure type="org.openqa.selenium.TimeoutException" message="Expected condition failed: waiting for shadow element located by path: shreddit-app &amp;gt; auth-flow-manager &amp;gt; faceplate-partial &amp;gt; auth-flow-login &amp;gt; faceplate-tabpanel &amp;gt; faceplate-form#login &amp;gt; auth-flow-modal &amp;gt; faceplate-text-input#login-username &amp;gt; input (tried for 20 second(s) with 500 milliseconds interval)
Build info: version: &amp;apos;4.21.0&amp;apos;, revision: &amp;apos;79ed462ef4&amp;apos;
System info: os.name: &amp;apos;Windows 11&amp;apos;, os.arch: &amp;apos;amd64&amp;apos;, os.version: &amp;apos;10.0&amp;apos;, java.version: &amp;apos;21.0.7&amp;apos;
Driver info: org.openqa.selenium.firefox.FirefoxDriver
Capabilities {acceptInsecureCerts: true, browserName: firefox, browserVersion: 143.0.1, moz:accessibilityChecks: false, moz:buildID: 20250918214338, moz:geckodriverVersion: 0.36.0, moz:headless: false, moz:platformVersion: 10.0, moz:processID: 30540, moz:profile: C:\Users\hiiee\AppData\Loca..., moz:shutdownTimeout: 60000, moz:webdriverClick: true, moz:windowless: false, pageLoadStrategy: normal, platformName: windows, proxy: Proxy(), setWindowRect: true, strictFileInteractability: false, timeouts: {implicit: 0, pageLoad: 300000, script: 30000}, unhandledPromptBehavior: dismiss and notify, userAgent: Mozilla/5.0 (Windows NT 10....}
Session ID: 4ea33dcc-8311-40af-aedd-7143136f6b23">
      <![CDATA[org.openqa.selenium.TimeoutException: Expected condition failed: waiting for shadow element located by path: shreddit-app > auth-flow-manager > faceplate-partial > auth-flow-login > faceplate-tabpanel > faceplate-form#login > auth-flow-modal > faceplate-text-input#login-username > input (tried for 20 second(s) with 500 milliseconds interval)
Build info: version: '4.21.0', revision: '79ed462ef4'
System info: os.name: 'Windows 11', os.arch: 'amd64', os.version: '10.0', java.version: '21.0.7'
Driver info: org.openqa.selenium.firefox.FirefoxDriver
Capabilities {acceptInsecureCerts: true, browserName: firefox, browserVersion: 143.0.1, moz:accessibilityChecks: false, moz:buildID: 20250918214338, moz:geckodriverVersion: 0.36.0, moz:headless: false, moz:platformVersion: 10.0, moz:processID: 30540, moz:profile: C:\Users\hiiee\AppData\Loca..., moz:shutdownTimeout: 60000, moz:webdriverClick: true, moz:windowless: false, pageLoadStrategy: normal, platformName: windows, proxy: Proxy(), setWindowRect: true, strictFileInteractability: false, timeouts: {implicit: 0, pageLoad: 300000, script: 30000}, unhandledPromptBehavior: dismiss and notify, userAgent: Mozilla/5.0 (Windows NT 10....}
Session ID: 4ea33dcc-8311-40af-aedd-7143136f6b23
at org.openqa.selenium.support.ui.WebDriverWait.timeoutException(WebDriverWait.java:84)
at org.openqa.selenium.support.ui.FluentWait.until(FluentWait.java:228)
at pages.RedditLoginPage.getShadowElement(RedditLoginPage.java:25)
at pages.RedditLoginPage.getUsernameField(RedditLoginPage.java:53)
at pages.RedditLoginPage.enterUsername(RedditLoginPage.java:78)
at pages.RedditLoginPage.login(RedditLoginPage.java:90)
at tests.RedditLoginTest.testLogin(RedditLoginTest.java:36)
at java.base/java.util.ArrayList.forEach(ArrayList.java:1596)
at java.base/java.util.concurrent.FutureTask.run(FutureTask.java:317)
at java.base/java.util.concurrent.ThreadPoolExecutor.runWorker(ThreadPoolExecutor.java:1144)
at java.base/java.util.concurrent.ThreadPoolExecutor$Worker.run(ThreadPoolExecutor.java:642)
at java.base/java.lang.Thread.run(Thread.java:1583)
... Removed 15 stack frames]]>
    </failure>
  </testcase> <!-- testLogin -->
</testsuite> <!-- FirefoxTests -->
