<?xml version="1.0" encoding="UTF-8"?>
<!-- Generated by org.testng.reporters.JUnitXMLReporter -->
<testsuite ignored="0" hostname="DESKTOP-HA4J20Q" failures="1" tests="1" name="ChromeLoginTest" time="1.458" errors="0" timestamp="2025-09-23T20:56:58 EDT">
  <testcase classname="tests.RedditLoginTest" name="testLogin" time="0.013">
    <failure type="org.openqa.selenium.JavascriptException" message="javascript error: Cannot read properties of null (reading &amp;apos;shadowRoot&amp;apos;)
  (Session info: chrome=140.0.7339.185)
Build info: version: &amp;apos;4.21.0&amp;apos;, revision: &amp;apos;79ed462ef4&amp;apos;
System info: os.name: &amp;apos;Windows 11&amp;apos;, os.arch: &amp;apos;amd64&amp;apos;, os.version: &amp;apos;10.0&amp;apos;, java.version: &amp;apos;21.0.7&amp;apos;
Driver info: org.openqa.selenium.chrome.ChromeDriver
Command: [b4cd056405a46999e4766c0d9c2053c6, executeScript {script=const selectors = arguments[0].split(&amp;apos;&amp;gt;&amp;apos;);let el = document.querySelector(selectors[0].trim());for (let i = 1; i &amp;lt; selectors.length; i++) {  el = el.shadowRoot ? el.shadowRoot.querySelector(selectors[i].trim()) : el.querySelector(selectors[i].trim());}return el;, args=[shreddit-app &amp;gt; auth-flow-manager &amp;gt; faceplate-partial &amp;gt; auth-flow-login &amp;gt; faceplate-tabpanel &amp;gt; faceplate-form#login &amp;gt; auth-flow-modal &amp;gt; faceplate-text-input#login-username &amp;gt; input]}]
Capabilities {acceptInsecureCerts: false, browserName: chrome, browserVersion: 140.0.7339.185, chrome: {chromedriverVersion: 140.0.7339.185 (eeea00e459e..., userDataDir: C:\Users\hiiee\AppData\Loca...}, fedcm:accounts: true, goog:chromeOptions: {debuggerAddress: localhost:56956}, networkConnectionEnabled: false, pageLoadStrategy: normal, platformName: windows, proxy: Proxy(), se:cdp: ws://localhost:56956/devtoo..., se:cdpVersion: 140.0.7339.185, setWindowRect: true, strictFileInteractability: false, timeouts: {implicit: 0, pageLoad: 300000, script: 30000}, unhandledPromptBehavior: dismiss and notify, webauthn:extension:credBlob: true, webauthn:extension:largeBlob: true, webauthn:extension:minPinLength: true, webauthn:extension:prf: true, webauthn:virtualAuthenticators: true}
Session ID: b4cd056405a46999e4766c0d9c2053c6">
      <![CDATA[org.openqa.selenium.JavascriptException: javascript error: Cannot read properties of null (reading 'shadowRoot')
  (Session info: chrome=140.0.7339.185)
Build info: version: '4.21.0', revision: '79ed462ef4'
System info: os.name: 'Windows 11', os.arch: 'amd64', os.version: '10.0', java.version: '21.0.7'
Driver info: org.openqa.selenium.chrome.ChromeDriver
Command: [b4cd056405a46999e4766c0d9c2053c6, executeScript {script=const selectors = arguments[0].split('>');let el = document.querySelector(selectors[0].trim());for (let i = 1; i < selectors.length; i++) {  el = el.shadowRoot ? el.shadowRoot.querySelector(selectors[i].trim()) : el.querySelector(selectors[i].trim());}return el;, args=[shreddit-app > auth-flow-manager > faceplate-partial > auth-flow-login > faceplate-tabpanel > faceplate-form#login > auth-flow-modal > faceplate-text-input#login-username > input]}]
Capabilities {acceptInsecureCerts: false, browserName: chrome, browserVersion: 140.0.7339.185, chrome: {chromedriverVersion: 140.0.7339.185 (eeea00e459e..., userDataDir: C:\Users\hiiee\AppData\Loca...}, fedcm:accounts: true, goog:chromeOptions: {debuggerAddress: localhost:56956}, networkConnectionEnabled: false, pageLoadStrategy: normal, platformName: windows, proxy: Proxy(), se:cdp: ws://localhost:56956/devtoo..., se:cdpVersion: 140.0.7339.185, setWindowRect: true, strictFileInteractability: false, timeouts: {implicit: 0, pageLoad: 300000, script: 30000}, unhandledPromptBehavior: dismiss and notify, webauthn:extension:credBlob: true, webauthn:extension:largeBlob: true, webauthn:extension:minPinLength: true, webauthn:extension:prf: true, webauthn:virtualAuthenticators: true}
Session ID: b4cd056405a46999e4766c0d9c2053c6
at org.openqa.selenium.remote.ErrorCodec.decode(ErrorCodec.java:167)
at org.openqa.selenium.remote.codec.w3c.W3CHttpResponseCodec.decode(W3CHttpResponseCodec.java:138)
at org.openqa.selenium.remote.codec.w3c.W3CHttpResponseCodec.decode(W3CHttpResponseCodec.java:50)
at org.openqa.selenium.remote.HttpCommandExecutor.execute(HttpCommandExecutor.java:190)
at org.openqa.selenium.remote.service.DriverCommandExecutor.invokeExecute(DriverCommandExecutor.java:216)
at org.openqa.selenium.remote.service.DriverCommandExecutor.execute(DriverCommandExecutor.java:174)
at org.openqa.selenium.remote.RemoteWebDriver.execute(RemoteWebDriver.java:518)
at org.openqa.selenium.remote.RemoteWebDriver.executeScript(RemoteWebDriver.java:463)
at pages.RedditLoginPage.getShadowElement(RedditLoginPage.java:44)
at pages.RedditLoginPage.enterUsername(RedditLoginPage.java:48)
at pages.RedditLoginPage.login(RedditLoginPage.java:72)
at tests.RedditLoginTest.testLogin(RedditLoginTest.java:28)
at java.base/java.util.ArrayList.forEach(ArrayList.java:1596)
... Removed 28 stack frames]]>
    </failure>
  </testcase> <!-- testLogin -->
</testsuite> <!-- ChromeLoginTest -->
