<?xml version="1.0" encoding="UTF-8"?>
<!-- Generated by org.testng.reporters.JUnitXMLReporter -->
<testsuite ignored="0" hostname="DESKTOP-HA4J20Q" failures="1" tests="1" name="FirefoxLoginTest" time="2.964" errors="0" timestamp="2025-09-23T20:57:01 EDT">
  <testcase classname="tests.RedditLoginTest" name="testLogin" time="0.013">
    <failure type="org.openqa.selenium.JavascriptException" message="TypeError: can&amp;apos;t access property &amp;quot;shadowRoot&amp;quot;, el is null
Build info: version: &amp;apos;4.21.0&amp;apos;, revision: &amp;apos;79ed462ef4&amp;apos;
System info: os.name: &amp;apos;Windows 11&amp;apos;, os.arch: &amp;apos;amd64&amp;apos;, os.version: &amp;apos;10.0&amp;apos;, java.version: &amp;apos;21.0.7&amp;apos;
Driver info: org.openqa.selenium.firefox.FirefoxDriver
Command: [b1da1f5a-85e3-40b8-8cdc-fa3dc404fd18, executeScript {script=const selectors = arguments[0].split(&amp;apos;&amp;gt;&amp;apos;);let el = document.querySelector(selectors[0].trim());for (let i = 1; i &amp;lt; selectors.length; i++) {  el = el.shadowRoot ? el.shadowRoot.querySelector(selectors[i].trim()) : el.querySelector(selectors[i].trim());}return el;, args=[shreddit-app &amp;gt; auth-flow-manager &amp;gt; faceplate-partial &amp;gt; auth-flow-login &amp;gt; faceplate-tabpanel &amp;gt; faceplate-form#login &amp;gt; auth-flow-modal &amp;gt; faceplate-text-input#login-username &amp;gt; input]}]
Capabilities {acceptInsecureCerts: true, browserName: firefox, browserVersion: 143.0.1, moz:accessibilityChecks: false, moz:buildID: 20250918214338, moz:geckodriverVersion: 0.36.0, moz:headless: false, moz:platformVersion: 10.0, moz:processID: 76360, moz:profile: C:\Users\hiiee\AppData\Loca..., moz:shutdownTimeout: 60000, moz:webdriverClick: true, moz:windowless: false, pageLoadStrategy: normal, platformName: windows, proxy: Proxy(), setWindowRect: true, strictFileInteractability: false, timeouts: {implicit: 0, pageLoad: 300000, script: 30000}, unhandledPromptBehavior: dismiss and notify, userAgent: Mozilla/5.0 (Windows NT 10....}
Session ID: b1da1f5a-85e3-40b8-8cdc-fa3dc404fd18">
      <![CDATA[org.openqa.selenium.JavascriptException: TypeError: can't access property "shadowRoot", el is null
Build info: version: '4.21.0', revision: '79ed462ef4'
System info: os.name: 'Windows 11', os.arch: 'amd64', os.version: '10.0', java.version: '21.0.7'
Driver info: org.openqa.selenium.firefox.FirefoxDriver
Command: [b1da1f5a-85e3-40b8-8cdc-fa3dc404fd18, executeScript {script=const selectors = arguments[0].split('>');let el = document.querySelector(selectors[0].trim());for (let i = 1; i < selectors.length; i++) {  el = el.shadowRoot ? el.shadowRoot.querySelector(selectors[i].trim()) : el.querySelector(selectors[i].trim());}return el;, args=[shreddit-app > auth-flow-manager > faceplate-partial > auth-flow-login > faceplate-tabpanel > faceplate-form#login > auth-flow-modal > faceplate-text-input#login-username > input]}]
Capabilities {acceptInsecureCerts: true, browserName: firefox, browserVersion: 143.0.1, moz:accessibilityChecks: false, moz:buildID: 20250918214338, moz:geckodriverVersion: 0.36.0, moz:headless: false, moz:platformVersion: 10.0, moz:processID: 76360, moz:profile: C:\Users\hiiee\AppData\Loca..., moz:shutdownTimeout: 60000, moz:webdriverClick: true, moz:windowless: false, pageLoadStrategy: normal, platformName: windows, proxy: Proxy(), setWindowRect: true, strictFileInteractability: false, timeouts: {implicit: 0, pageLoad: 300000, script: 30000}, unhandledPromptBehavior: dismiss and notify, userAgent: Mozilla/5.0 (Windows NT 10....}
Session ID: b1da1f5a-85e3-40b8-8cdc-fa3dc404fd18
at org.openqa.selenium.remote.ErrorCodec.decode(ErrorCodec.java:167)
at org.openqa.selenium.remote.codec.w3c.W3CHttpResponseCodec.decode(W3CHttpResponseCodec.java:138)
at org.openqa.selenium.remote.codec.w3c.W3CHttpResponseCodec.decode(W3CHttpResponseCodec.java:50)
at org.openqa.selenium.remote.HttpCommandExecutor.execute(HttpCommandExecutor.java:190)
at org.openqa.selenium.remote.service.DriverCommandExecutor.invokeExecute(DriverCommandExecutor.java:216)
at org.openqa.selenium.remote.service.DriverCommandExecutor.execute(DriverCommandExecutor.java:174)
at org.openqa.selenium.remote.RemoteWebDriver.execute(RemoteWebDriver.java:518)
at org.openqa.selenium.remote.RemoteWebDriver.executeScript(RemoteWebDriver.java:463)
at pages.RedditLoginPage.getShadowElement(RedditLoginPage.java:44)
at pages.RedditLoginPage.enterUsername(RedditLoginPage.java:48)
at pages.RedditLoginPage.login(RedditLoginPage.java:72)
at tests.RedditLoginTest.testLogin(RedditLoginTest.java:28)
at java.base/java.util.ArrayList.forEach(ArrayList.java:1596)
... Removed 28 stack frames]]>
    </failure>
  </testcase> <!-- testLogin -->
</testsuite> <!-- FirefoxLoginTest -->
