<?xml version="1.0" encoding="UTF-8"?>
<!-- Generated by org.testng.reporters.JUnitXMLReporter -->
<testsuite ignored="0" hostname="DESKTOP-HA4J20Q" failures="1" tests="3" name="Firefox_Tests" time="12.693" errors="0" timestamp="2025-09-24T09:29:19 EDT">
  <testcase classname="tests.RedditTitleTest" name="testPageTitle" time="0.003"/>
  <testcase classname="tests.RedditLoginTest" name="testLogin" time="0.164">
    <failure type="java.lang.RuntimeException" message="Could not find shadow element: shreddit-app &amp;gt; auth-flow-manager &amp;gt; faceplate-partial &amp;gt; auth-flow-login &amp;gt; faceplate-tabpanel &amp;gt; faceplate-form#login &amp;gt; auth-flow-modal &amp;gt; faceplate-text-input#login-username &amp;gt; input">
      <![CDATA[java.lang.RuntimeException: Could not find shadow element: shreddit-app > auth-flow-manager > faceplate-partial > auth-flow-login > faceplate-tabpanel > faceplate-form#login > auth-flow-modal > faceplate-text-input#login-username > input
at pages.RedditLoginPage.getShadowElement(RedditLoginPage.java:45)
at pages.RedditLoginPage.enterUsername(RedditLoginPage.java:52)
at tests.RedditLoginTest.testLogin(RedditLoginTest.java:15)
at java.base/java.util.ArrayList.forEach(ArrayList.java:1596)
at java.base/java.util.concurrent.FutureTask.run(FutureTask.java:317)
at java.base/java.util.concurrent.ThreadPoolExecutor.runWorker(ThreadPoolExecutor.java:1144)
at java.base/java.util.concurrent.ThreadPoolExecutor$Worker.run(ThreadPoolExecutor.java:642)
at java.base/java.lang.Thread.run(Thread.java:1583)
... Removed 15 stack frames]]>
    </failure>
  </testcase> <!-- testLogin -->
  <testcase classname="tests.RedditHomePageTest" name="testLoginLinkVisible" time="0.005"/>
</testsuite> <!-- Firefox_Tests -->
