<?xml version="1.0" encoding="UTF-8"?>
<testng-results ignored="0" total="4" passed="2" failed="2" skipped="0">
  <reporter-output>
  </reporter-output>
  <suite started-at="2025-09-23T21:13:45 EDT" name="RedditTests" finished-at="2025-09-23T21:13:53 EDT" duration-ms="8691">
    <groups>
    </groups>
    <test started-at="2025-09-23T21:13:45 EDT" name="ChromeTests" finished-at="2025-09-23T21:13:50 EDT" duration-ms="5316">
      <class name="tests.RedditTitleTest">
        <test-method is-config="true" signature="setUp(java.lang.String)[pri:0, instance:tests.RedditTitleTest@30c15d8b]" started-at="2025-09-23T21:13:45 EDT" name="setUp" finished-at="2025-09-23T21:13:48 EDT" duration-ms="3815" status="PASS">
          <params>
            <param index="0">
              <value>
                <![CDATA[chrome]]>
              </value>
            </param>
          </params>
          <reporter-output>
          </reporter-output>
        </test-method> <!-- setUp -->
        <test-method signature="testPageTitle()[pri:0, instance:tests.RedditTitleTest@30c15d8b]" started-at="2025-09-23T21:13:48 EDT" name="testPageTitle" finished-at="2025-09-23T21:13:48 EDT" duration-ms="9" status="PASS">
          <reporter-output>
          </reporter-output>
        </test-method> <!-- testPageTitle -->
        <test-method is-config="true" signature="tearDown()[pri:0, instance:tests.RedditTitleTest@30c15d8b]" started-at="2025-09-23T21:13:48 EDT" name="tearDown" finished-at="2025-09-23T21:13:48 EDT" duration-ms="87" status="PASS">
          <reporter-output>
          </reporter-output>
        </test-method> <!-- tearDown -->
      </class> <!-- tests.RedditTitleTest -->
      <class name="tests.RedditLoginTest">
        <test-method is-config="true" signature="setUp(java.lang.String)[pri:0, instance:tests.RedditLoginTest@233795b6]" started-at="2025-09-23T21:13:48 EDT" name="setUp" finished-at="2025-09-23T21:13:50 EDT" duration-ms="1272" status="PASS">
          <params>
            <param index="0">
              <value>
                <![CDATA[chrome]]>
              </value>
            </param>
          </params>
          <reporter-output>
          </reporter-output>
        </test-method> <!-- setUp -->
        <test-method signature="testLogin()[pri:0, instance:tests.RedditLoginTest@233795b6]" started-at="2025-09-23T21:13:50 EDT" name="testLogin" finished-at="2025-09-23T21:13:50 EDT" duration-ms="10" status="FAIL">
          <exception class="java.lang.RuntimeException">
            <message>
              <![CDATA[Could not find shadow element: shreddit-app > auth-flow-manager > faceplate-partial > auth-flow-login > faceplate-tabpanel > faceplate-form#login > auth-flow-modal > faceplate-text-input#login-username > input]]>
            </message>
            <full-stacktrace>
              <![CDATA[java.lang.RuntimeException: Could not find shadow element: shreddit-app > auth-flow-manager > faceplate-partial > auth-flow-login > faceplate-tabpanel > faceplate-form#login > auth-flow-modal > faceplate-text-input#login-username > input
at pages.RedditLoginPage.getShadowElement(RedditLoginPage.java:49)
at pages.RedditLoginPage.getUsernameField(RedditLoginPage.java:56)
at pages.RedditLoginPage.enterUsername(RedditLoginPage.java:75)
at pages.RedditLoginPage.login(RedditLoginPage.java:92)
at tests.RedditLoginTest.testLogin(RedditLoginTest.java:36)
at java.base/jdk.internal.reflect.DirectMethodHandleAccessor.invoke(DirectMethodHandleAccessor.java:103)
at java.base/java.lang.reflect.Method.invoke(Method.java:580)
at org.testng.internal.invokers.MethodInvocationHelper.invokeMethod(MethodInvocationHelper.java:141)
at org.testng.internal.invokers.TestInvoker.invokeMethod(TestInvoker.java:686)
at org.testng.internal.invokers.TestInvoker.invokeTestMethod(TestInvoker.java:230)
at org.testng.internal.invokers.MethodRunner.runInSequence(MethodRunner.java:63)
at org.testng.internal.invokers.TestInvoker$MethodInvocationAgent.invoke(TestInvoker.java:992)
at org.testng.internal.invokers.TestInvoker.invokeTestMethods(TestInvoker.java:203)
at org.testng.internal.invokers.TestMethodWorker.invokeTestMethods(TestMethodWorker.java:154)
at org.testng.internal.invokers.TestMethodWorker.run(TestMethodWorker.java:134)
at java.base/java.util.ArrayList.forEach(ArrayList.java:1596)
at org.testng.TestRunner.privateRun(TestRunner.java:739)
at org.testng.TestRunner.run(TestRunner.java:614)
at org.testng.SuiteRunner.runTest(SuiteRunner.java:421)
at org.testng.SuiteRunner$SuiteWorker.run(SuiteRunner.java:463)
at org.testng.internal.thread.ThreadUtil.lambda$execute$0(ThreadUtil.java:64)
at java.base/java.util.concurrent.FutureTask.run(FutureTask.java:317)
at java.base/java.util.concurrent.ThreadPoolExecutor.runWorker(ThreadPoolExecutor.java:1144)
at java.base/java.util.concurrent.ThreadPoolExecutor$Worker.run(ThreadPoolExecutor.java:642)
at java.base/java.lang.Thread.run(Thread.java:1583)
]]>
            </full-stacktrace>
          </exception> <!-- java.lang.RuntimeException -->
          <reporter-output>
          </reporter-output>
        </test-method> <!-- testLogin -->
        <test-method is-config="true" signature="tearDown()[pri:0, instance:tests.RedditLoginTest@233795b6]" started-at="2025-09-23T21:13:50 EDT" name="tearDown" finished-at="2025-09-23T21:13:50 EDT" duration-ms="100" status="PASS">
          <reporter-output>
          </reporter-output>
        </test-method> <!-- tearDown -->
      </class> <!-- tests.RedditLoginTest -->
    </test> <!-- ChromeTests -->
    <test started-at="2025-09-23T21:13:45 EDT" name="FirefoxTests" finished-at="2025-09-23T21:13:53 EDT" duration-ms="8691">
      <class name="tests.RedditTitleTest">
        <test-method is-config="true" signature="setUp(java.lang.String)[pri:0, instance:tests.RedditTitleTest@7c9d8e2]" started-at="2025-09-23T21:13:45 EDT" name="setUp" finished-at="2025-09-23T21:13:50 EDT" duration-ms="5167" status="PASS">
          <params>
            <param index="0">
              <value>
                <![CDATA[firefox]]>
              </value>
            </param>
          </params>
          <reporter-output>
          </reporter-output>
        </test-method> <!-- setUp -->
        <test-method signature="testPageTitle()[pri:0, instance:tests.RedditTitleTest@7c9d8e2]" started-at="2025-09-23T21:13:50 EDT" name="testPageTitle" finished-at="2025-09-23T21:13:50 EDT" duration-ms="4" status="PASS">
          <reporter-output>
          </reporter-output>
        </test-method> <!-- testPageTitle -->
        <test-method is-config="true" signature="tearDown()[pri:0, instance:tests.RedditTitleTest@7c9d8e2]" started-at="2025-09-23T21:13:50 EDT" name="tearDown" finished-at="2025-09-23T21:13:50 EDT" duration-ms="542" status="PASS">
          <reporter-output>
          </reporter-output>
        </test-method> <!-- tearDown -->
      </class> <!-- tests.RedditTitleTest -->
      <class name="tests.RedditLoginTest">
        <test-method is-config="true" signature="setUp(java.lang.String)[pri:0, instance:tests.RedditLoginTest@20d525]" started-at="2025-09-23T21:13:50 EDT" name="setUp" finished-at="2025-09-23T21:13:53 EDT" duration-ms="2418" status="PASS">
          <params>
            <param index="0">
              <value>
                <![CDATA[firefox]]>
              </value>
            </param>
          </params>
          <reporter-output>
          </reporter-output>
        </test-method> <!-- setUp -->
        <test-method signature="testLogin()[pri:0, instance:tests.RedditLoginTest@20d525]" started-at="2025-09-23T21:13:53 EDT" name="testLogin" finished-at="2025-09-23T21:13:53 EDT" duration-ms="14" status="FAIL">
          <exception class="java.lang.RuntimeException">
            <message>
              <![CDATA[Could not find shadow element: shreddit-app > auth-flow-manager > faceplate-partial > auth-flow-login > faceplate-tabpanel > faceplate-form#login > auth-flow-modal > faceplate-text-input#login-username > input]]>
            </message>
            <full-stacktrace>
              <![CDATA[java.lang.RuntimeException: Could not find shadow element: shreddit-app > auth-flow-manager > faceplate-partial > auth-flow-login > faceplate-tabpanel > faceplate-form#login > auth-flow-modal > faceplate-text-input#login-username > input
at pages.RedditLoginPage.getShadowElement(RedditLoginPage.java:49)
at pages.RedditLoginPage.getUsernameField(RedditLoginPage.java:56)
at pages.RedditLoginPage.enterUsername(RedditLoginPage.java:75)
at pages.RedditLoginPage.login(RedditLoginPage.java:92)
at tests.RedditLoginTest.testLogin(RedditLoginTest.java:36)
at java.base/jdk.internal.reflect.DirectMethodHandleAccessor.invoke(DirectMethodHandleAccessor.java:103)
at java.base/java.lang.reflect.Method.invoke(Method.java:580)
at org.testng.internal.invokers.MethodInvocationHelper.invokeMethod(MethodInvocationHelper.java:141)
at org.testng.internal.invokers.TestInvoker.invokeMethod(TestInvoker.java:686)
at org.testng.internal.invokers.TestInvoker.invokeTestMethod(TestInvoker.java:230)
at org.testng.internal.invokers.MethodRunner.runInSequence(MethodRunner.java:63)
at org.testng.internal.invokers.TestInvoker$MethodInvocationAgent.invoke(TestInvoker.java:992)
at org.testng.internal.invokers.TestInvoker.invokeTestMethods(TestInvoker.java:203)
at org.testng.internal.invokers.TestMethodWorker.invokeTestMethods(TestMethodWorker.java:154)
at org.testng.internal.invokers.TestMethodWorker.run(TestMethodWorker.java:134)
at java.base/java.util.ArrayList.forEach(ArrayList.java:1596)
at org.testng.TestRunner.privateRun(TestRunner.java:739)
at org.testng.TestRunner.run(TestRunner.java:614)
at org.testng.SuiteRunner.runTest(SuiteRunner.java:421)
at org.testng.SuiteRunner$SuiteWorker.run(SuiteRunner.java:463)
at org.testng.internal.thread.ThreadUtil.lambda$execute$0(ThreadUtil.java:64)
at java.base/java.util.concurrent.FutureTask.run(FutureTask.java:317)
at java.base/java.util.concurrent.ThreadPoolExecutor.runWorker(ThreadPoolExecutor.java:1144)
at java.base/java.util.concurrent.ThreadPoolExecutor$Worker.run(ThreadPoolExecutor.java:642)
at java.base/java.lang.Thread.run(Thread.java:1583)
]]>
            </full-stacktrace>
          </exception> <!-- java.lang.RuntimeException -->
          <reporter-output>
          </reporter-output>
        </test-method> <!-- testLogin -->
        <test-method is-config="true" signature="tearDown()[pri:0, instance:tests.RedditLoginTest@20d525]" started-at="2025-09-23T21:13:53 EDT" name="tearDown" finished-at="2025-09-23T21:13:53 EDT" duration-ms="526" status="PASS">
          <reporter-output>
          </reporter-output>
        </test-method> <!-- tearDown -->
      </class> <!-- tests.RedditLoginTest -->
    </test> <!-- FirefoxTests -->
  </suite> <!-- RedditTests -->
</testng-results>
